0 info it worked if it ends with ok
1 verbose cli [ '/Users/nick/.nvm/versions/node/v6.10.3/bin/node',
1 verbose cli   '/Users/nick/.nvm/versions/node/v6.10.3/bin/npm',
1 verbose cli   'run',
1 verbose cli   'spike' ]
2 info using npm@3.10.10
3 info using node@v6.10.3
4 verbose stack Error: missing script: spike
4 verbose stack     at run (/Users/nick/.nvm/versions/node/v6.10.3/lib/node_modules/npm/lib/run-script.js:151:19)
4 verbose stack     at /Users/nick/.nvm/versions/node/v6.10.3/lib/node_modules/npm/lib/run-script.js:61:5
4 verbose stack     at /Users/nick/.nvm/versions/node/v6.10.3/lib/node_modules/npm/node_modules/read-package-json/read-json.js:356:5
4 verbose stack     at checkBinReferences_ (/Users/nick/.nvm/versions/node/v6.10.3/lib/node_modules/npm/node_modules/read-package-json/read-json.js:320:45)
4 verbose stack     at final (/Users/nick/.nvm/versions/node/v6.10.3/lib/node_modules/npm/node_modules/read-package-json/read-json.js:354:3)
4 verbose stack     at then (/Users/nick/.nvm/versions/node/v6.10.3/lib/node_modules/npm/node_modules/read-package-json/read-json.js:124:5)
4 verbose stack     at /Users/nick/.nvm/versions/node/v6.10.3/lib/node_modules/npm/node_modules/read-package-json/read-json.js:243:12
4 verbose stack     at /Users/nick/.nvm/versions/node/v6.10.3/lib/node_modules/npm/node_modules/graceful-fs/graceful-fs.js:78:16
4 verbose stack     at tryToString (fs.js:456:3)
4 verbose stack     at FSReqWrap.readFileAfterClose [as oncomplete] (fs.js:443:12)
5 verbose cwd /Users/nick/Development/ae-to-html
6 error Darwin 16.5.0
7 error argv "/Users/nick/.nvm/versions/node/v6.10.3/bin/node" "/Users/nick/.nvm/versions/node/v6.10.3/bin/npm" "run" "spike"
8 error node v6.10.3
9 error npm  v3.10.10
10 error missing script: spike
11 error If you need help, you may report this error at:
11 error     <https://github.com/npm/npm/issues>
12 verbose exit [ 1, true ]
